C51 COMPILER V9.01   KEY_LED                                                               09/15/2021 10:43:01 PAGE 1   


C51 COMPILER V9.01, COMPILATION OF MODULE KEY_LED
OBJECT MODULE PLACED IN key_led.OBJ
COMPILER INVOKED BY: D:\keil_v5\C51\BIN\C51.EXE key_led.c BROWSE DEBUG OBJECTEXTEND

line level    source

   1          /*
   2                  ¶ÀÁ¢°´¼ü¿ØÖÆLEDµÆÁÁÃð
   3          */
   4          
   5          #include<reg52.h>
   6          
   7          
   8          sbit key1 = P3 ^ 1;
   9          sbit led1 = P2 ^ 0;
  10          
  11          
  12          typedef unsigned int u18;
  13          
  14          
  15          void delay_kl(u18 t)
  16          {
  17   1              while(t--);
  18   1      }
  19          
  20          
  21          void turn_on_off()
  22          {
  23   1      
  24   1              if(key1 == 0)
  25   1              {
  26   2                       // Ïû¶¶ 10ms
  27   2                       delay_kl(1000);
  28   2      
  29   2                       if(key1 == 0)
  30   2                       {
  31   3                              led1 = 0;
  32   3                       }
  33   2                       else
  34   2                       {
  35   3                              led1 = 1;
  36   3                       }
  37   2                       // while(!key1);
  38   2              }
  39   1      }
  40          
  41          
  42          void turn_on_and_off_led()
  43          {
  44   1              led1 = 1;
  45   1              while(1)
  46   1              {
  47   2                      turn_on_off();
  48   2              }
  49   1      }


MODULE INFORMATION:   STATIC OVERLAYABLE
   CODE SIZE        =     37    ----
   CONSTANT SIZE    =   ----    ----
   XDATA SIZE       =   ----    ----
C51 COMPILER V9.01   KEY_LED                                                               09/15/2021 10:43:01 PAGE 2   

   PDATA SIZE       =   ----    ----
   DATA SIZE        =   ----    ----
   IDATA SIZE       =   ----    ----
   BIT SIZE         =   ----    ----
END OF MODULE INFORMATION.


C51 COMPILATION COMPLETE.  0 WARNING(S),  0 ERROR(S)
