C51 COMPILER V9.01   LED                                                                   09/15/2021 17:56:42 PAGE 1   


C51 COMPILER V9.01, COMPILATION OF MODULE LED
OBJECT MODULE PLACED IN led.OBJ
COMPILER INVOKED BY: D:\keil_v5\C51\BIN\C51.EXE led.c BROWSE DEBUG OBJECTEXTEND

line level    source

   1          /*
   2              LED流水灯Demo
   3          */
   4          
   5          #include <reg52.h>
   6          #include <intrins.h>
   7          
   8          #define led P2
   9          
  10          
  11          
  12          void delay(unsigned int t)
  13          {
  14   1              while(t--);
  15   1      }
  16          
  17          
  18          // 复位
  19          void reset_led()
  20          {
  21   1              P2 = 0xff;
  22   1      }
  23          
  24          
  25          int light_led_with_cro()
  26          {
  27   1              unsigned int i;
  28   1      
  29   1              // LED是低电平点亮
  30   1              P2 = 0x5F;
  31   1              delay(500000);
  32   1      
  33   1              while(1)
  34   1              {
  35   2                      for(i = 0; i < 8; ++i)
  36   2                      {
  37   3                              P2 = _cror_(P2, 1);
  38   3                              delay(50000);
  39   3                      }
  40   2              }
  41   1      
  42   1              return 0;
  43   1      }
  44          
  45          
  46          int light_led()
  47          {
  48   1      
  49   1              unsigned int i;
  50   1      
  51   1              // LED是低电平点亮
  52   1              P2 = ~(0x01);
  53   1              delay(500000);
  54   1      
  55   1              while(1)
C51 COMPILER V9.01   LED                                                                   09/15/2021 17:56:42 PAGE 2   

  56   1              {
  57   2                      for(i = 0; i < 8; ++i)
  58   2                      {
  59   3                              P2 = ~(0x01<<i);
  60   3                              delay(50000);
  61   3                      }
  62   2              }
  63   1      
  64   1              return 0;
  65   1      }


MODULE INFORMATION:   STATIC OVERLAYABLE
   CODE SIZE        =    104    ----
   CONSTANT SIZE    =   ----    ----
   XDATA SIZE       =   ----    ----
   PDATA SIZE       =   ----    ----
   DATA SIZE        =   ----    ----
   IDATA SIZE       =   ----    ----
   BIT SIZE         =   ----    ----
END OF MODULE INFORMATION.


C51 COMPILATION COMPLETE.  0 WARNING(S),  0 ERROR(S)
