C51 COMPILER V9.01   MAIN                                                                  09/15/2021 10:43:01 PAGE 1   


C51 COMPILER V9.01, COMPILATION OF MODULE MAIN
OBJECT MODULE PLACED IN main.OBJ
COMPILER INVOKED BY: D:\keil_v5\C51\BIN\C51.EXE main.c BROWSE DEBUG OBJECTEXTEND

line level    source

   1          /*
   2                  入口
   3          */
   4          
   5          #include "digital_tube.h"
   6          #include "led.h"
   7          #include "key_led.h"
   8          #include "matrix_key.h"
   9          
  10          
  11          int main()
  12          {
  13   1              // 动态数码管
  14   1              // digital_tube_display();
  15   1              // reset_digital_tube();
  16   1      
  17   1              // LED流水灯
  18   1              // light_led();
  19   1              // light_led_with_cro();
  20   1              // reset_led();
  21   1      
  22   1              // 独立按键控制LED亮灭
  23   1              // turn_on_and_off_led();
  24   1      
  25   1              // 矩阵按键
  26   1              matrix_action();
  27   1      
  28   1              return 0;
  29   1      }


MODULE INFORMATION:   STATIC OVERLAYABLE
   CODE SIZE        =      7    ----
   CONSTANT SIZE    =   ----    ----
   XDATA SIZE       =   ----    ----
   PDATA SIZE       =   ----    ----
   DATA SIZE        =   ----    ----
   IDATA SIZE       =   ----    ----
   BIT SIZE         =   ----    ----
END OF MODULE INFORMATION.


C51 COMPILATION COMPLETE.  0 WARNING(S),  0 ERROR(S)
